<?xml version="1.0" encoding="UTF-8"?>
<!-- Generated by org.testng.reporters.JUnitXMLReporter -->
<testsuite ignored="1" hostname="IB-Pune-LAP-329" failures="0" tests="3" name="Default test" time="7.452" errors="0" timestamp="2022-07-28T13:03:29 IST">
  <testcase classname="com.restapi_testng.test" name="posttest" time="4.419"/>
  <testcase classname="com.restapi_testng.test" name="gettest" time="0.765"/>
  <testcase classname="com.restapi_testng.test" name="deletetest" time="0.645"/>
  <testcase classname="com.restapi_testng.test" name="puttest" time="0.0">
    <ignored/>
  </testcase> <!-- puttest -->
</testsuite> <!-- Default test -->
