<?xml version="1.0" encoding="UTF-8"?>
<testng-results ignored="1" total="4" passed="3" failed="0" skipped="0">
  <reporter-output>
  </reporter-output>
  <suite started-at="2022-07-28T13:03:22 IST" name="Default suite" finished-at="2022-07-28T13:03:29 IST" duration-ms="7452">
    <groups>
    </groups>
    <test started-at="2022-07-28T13:03:22 IST" name="Default test" finished-at="2022-07-28T13:03:29 IST" duration-ms="7452">
      <class name="com.restapi_testng.test">
        <test-method is-config="true" signature="propfile()[pri:0, instance:com.restapi_testng.test@59505b48]" started-at="2022-07-28T13:03:20 IST" name="propfile" finished-at="2022-07-28T13:03:22 IST" duration-ms="1802" status="PASS">
          <reporter-output>
          </reporter-output>
        </test-method> <!-- propfile -->
        <test-method signature="posttest(java.lang.String,java.lang.String,double,double,double,java.lang.String,java.lang.String,java.lang.String,java.lang.String,java.lang.String,java.lang.String,java.lang.String)[pri:1, instance:com.restapi_testng.test@59505b48]" started-at="2022-07-28T13:03:23 IST" name="posttest" data-provider="excle" finished-at="2022-07-28T13:03:27 IST" duration-ms="4419" status="PASS">
          <params>
            <param index="0">
              <value>
                <![CDATA[Post]]>
              </value>
            </param>
            <param index="1">
              <value>
                <![CDATA[/maps/api/place/add/json]]>
              </value>
            </param>
            <param index="2">
              <value>
                <![CDATA[-38.383494]]>
              </value>
            </param>
            <param index="3">
              <value>
                <![CDATA[33.427362]]>
              </value>
            </param>
            <param index="4">
              <value>
                <![CDATA[50.0]]>
              </value>
            </param>
            <param index="5">
              <value>
                <![CDATA[Frontline house]]>
              </value>
            </param>
            <param index="6">
              <value>
                <![CDATA[(+91) 983 893 3937]]>
              </value>
            </param>
            <param index="7">
              <value>
                <![CDATA[29, side layout, cohen 09]]>
              </value>
            </param>
            <param index="8">
              <value>
                <![CDATA[shoe park,]]>
              </value>
            </param>
            <param index="9">
              <value>
                <![CDATA[shop]]>
              </value>
            </param>
            <param index="10">
              <value>
                <![CDATA[http://google.com]]>
              </value>
            </param>
            <param index="11">
              <value>
                <![CDATA[French-IN]]>
              </value>
            </param>
          </params>
          <reporter-output>
          </reporter-output>
        </test-method> <!-- posttest -->
        <test-method is-config="true" signature="flush()[pri:0, instance:com.restapi_testng.test@59505b48]" started-at="2022-07-28T13:03:27 IST" name="flush" finished-at="2022-07-28T13:03:27 IST" duration-ms="258" status="PASS">
          <reporter-output>
          </reporter-output>
        </test-method> <!-- flush -->
        <test-method signature="gettest()[pri:2, instance:com.restapi_testng.test@59505b48]" started-at="2022-07-28T13:03:27 IST" name="gettest" finished-at="2022-07-28T13:03:28 IST" depends-on-methods="com.restapi_testng.test.posttest" duration-ms="765" status="PASS">
          <reporter-output>
          </reporter-output>
        </test-method> <!-- gettest -->
        <test-method is-config="true" signature="flush()[pri:0, instance:com.restapi_testng.test@59505b48]" started-at="2022-07-28T13:03:28 IST" name="flush" finished-at="2022-07-28T13:03:28 IST" duration-ms="94" status="PASS">
          <reporter-output>
          </reporter-output>
        </test-method> <!-- flush -->
        <test-method signature="deletetest()[pri:4, instance:com.restapi_testng.test@59505b48]" started-at="2022-07-28T13:03:28 IST" name="deletetest" finished-at="2022-07-28T13:03:29 IST" duration-ms="645" status="PASS">
          <reporter-output>
          </reporter-output>
        </test-method> <!-- deletetest -->
        <test-method is-config="true" signature="flush()[pri:0, instance:com.restapi_testng.test@59505b48]" started-at="2022-07-28T13:03:29 IST" name="flush" finished-at="2022-07-28T13:03:29 IST" duration-ms="79" status="PASS">
          <reporter-output>
          </reporter-output>
        </test-method> <!-- flush -->
      </class> <!-- com.restapi_testng.test -->
    </test> <!-- Default test -->
  </suite> <!-- Default suite -->
</testng-results>
